<?xml version="1.0" encoding="UTF-8"?>
<testsuites name="Mocha Tests" time="11.1950" tests="1" failures="0">
  <testsuite name="Root Suite" timestamp="2022-02-17T09:32:09" tests="0" file="cypress/integration/hola.spec.js" time="0.0000" failures="0">
  </testsuite>
  <testsuite name="Hello Cypress" timestamp="2022-02-17T09:32:09" tests="1" time="11.1950" failures="0">
    <testcase name="Hello Cypress Order two BEER in RoboBar" time="11.1950" classname="Order two BEER in RoboBar">
    </testcase>
  </testsuite>
</testsuites>